06/10/2024 10:11:30 AM - kneaddata.knead_data - INFO: Running kneaddata v0.12.0
06/10/2024 10:11:30 AM - kneaddata.knead_data - INFO: Output files will be written to: /viash_automount/home/marta_fogt/custom_pipeline/OSC_pipeline_vsh/src/template/kneaddata/output
06/10/2024 10:11:30 AM - kneaddata.knead_data - DEBUG: Running with the following arguments: 
verbose = False
input1 = /viash_automount/home/marta_fogt/custom_pipeline/OSC_pipeline_vsh/resources_test//sample2_R1.fastq.gz
input2 = /viash_automount/home/marta_fogt/custom_pipeline/OSC_pipeline_vsh/resources_test//sample2_R2.fastq.gz
unpaired = None
output_dir = /viash_automount/home/marta_fogt/custom_pipeline/OSC_pipeline_vsh/src/template/kneaddata/output
scratch_dir = 
reference_db = /viash_automount/home/marta_fogt/mnt/microbiome/references/if_pan_references/kneaddata_mouse/mouse/mouse_C57BL_6NJ
bypass_trim = False
output_prefix = sample2_R1_kneaddata
threads = 18
processes = 18
trimmomatic_quality_scores = -phred33
bmtagger = False
bypass_trf = True
run_trf = False
fastqc_start = True
fastqc_end = False
store_temp_output = False
remove_intermediate_output = False
cat_final_output = True
log_level = DEBUG
log = /viash_automount/home/marta_fogt/custom_pipeline/OSC_pipeline_vsh/src/template/kneaddata/output/sample2_R1_kneaddata.log
trimmomatic_path = /opt/trimmomatic/Trimmomatic-0.39/trimmomatic-0.39.jar
run_trim_repetitive = False
max_memory = 48g
trimmomatic_options = None
sequencer_source = none
bowtie2_path = /usr/bin/bowtie2
bowtie2_options = --very-sensitive-local --phred33
decontaminate_pairs = strict
reorder = False
serial = False
bmtagger_path = None
trf_path = None
match = 2
mismatch = 7
delta = 7
pm = 80
pi = 10
minscore = 50
maxperiod = 500
fastqc_path = /usr/local/bin/fastqc
remove_temp_output = True
input = /viash_automount/home/marta_fogt/custom_pipeline/OSC_pipeline_vsh/resources_test/sample2_R1.fastq.gz /viash_automount/home/marta_fogt/custom_pipeline/OSC_pipeline_vsh/resources_test/sample2_R2.fastq.gz
discordant = True

06/10/2024 10:11:30 AM - kneaddata.utilities - INFO: Decompressing gzipped file ...
06/10/2024 10:11:30 AM - kneaddata.utilities - INFO: Decompressed file created: /viash_automount/home/marta_fogt/custom_pipeline/OSC_pipeline_vsh/src/template/kneaddata/output/decompressed_xu62t4cu_sample2_R1.fastq
06/10/2024 10:11:30 AM - kneaddata.utilities - INFO: Decompressing gzipped file ...
06/10/2024 10:11:30 AM - kneaddata.utilities - INFO: Decompressed file created: /viash_automount/home/marta_fogt/custom_pipeline/OSC_pipeline_vsh/src/template/kneaddata/output/decompressed_za8brojw_sample2_R2.fastq
06/10/2024 10:11:30 AM - kneaddata.utilities - INFO: Reformatting file sequence identifiers ...
06/10/2024 10:11:30 AM - kneaddata.utilities - INFO: Reformatting file sequence identifiers ...
06/10/2024 10:11:30 AM - kneaddata.utilities - INFO: Reordering read identifiers ...
06/10/2024 10:11:30 AM - kneaddata.utilities - INFO: READ COUNT: raw pair1 : Initial number of reads ( /viash_automount/home/marta_fogt/custom_pipeline/OSC_pipeline_vsh/src/template/kneaddata/output/reordered_x0ceut3s_reformatted_identifierswpepc_ta_decompressed_xu62t4cu_sample2_R1 ): 200.0
06/10/2024 10:11:30 AM - kneaddata.utilities - INFO: READ COUNT: raw pair2 : Initial number of reads ( /viash_automount/home/marta_fogt/custom_pipeline/OSC_pipeline_vsh/src/template/kneaddata/output/reordered_iitirmtw_reformatted_identifiersyoxbfvkg_decompressed_za8brojw_sample2_R2 ): 200.0
06/10/2024 10:11:30 AM - kneaddata.utilities - DEBUG: Creating output directory: /viash_automount/home/marta_fogt/custom_pipeline/OSC_pipeline_vsh/src/template/kneaddata/output/fastqc
06/10/2024 10:11:30 AM - kneaddata.utilities - DEBUG: Checking input file to fastqc : /viash_automount/home/marta_fogt/custom_pipeline/OSC_pipeline_vsh/resources_test/sample2_R1.fastq.gz
06/10/2024 10:11:30 AM - kneaddata.utilities - DEBUG: Checking input file to fastqc : /viash_automount/home/marta_fogt/custom_pipeline/OSC_pipeline_vsh/resources_test/sample2_R2.fastq.gz
06/10/2024 10:11:30 AM - kneaddata.utilities - INFO: Running fastqc ... 
06/10/2024 10:11:30 AM - kneaddata.utilities - INFO: Execute command: /usr/local/bin/fastqc /viash_automount/home/marta_fogt/custom_pipeline/OSC_pipeline_vsh/resources_test/sample2_R1.fastq.gz /viash_automount/home/marta_fogt/custom_pipeline/OSC_pipeline_vsh/resources_test/sample2_R2.fastq.gz --threads 18 --outdir /viash_automount/home/marta_fogt/custom_pipeline/OSC_pipeline_vsh/src/template/kneaddata/output/fastqc --extract
06/10/2024 10:11:32 AM - kneaddata.utilities - DEBUG: b'Started analysis of sample2_R1.fastq.gz\nAnalysis complete for sample2_R1.fastq.gz\nStarted analysis of sample2_R2.fastq.gz\nAnalysis complete for sample2_R2.fastq.gz\n'
06/10/2024 10:11:32 AM - kneaddata.utilities - DEBUG: Checking input file to Trimmomatic : /viash_automount/home/marta_fogt/custom_pipeline/OSC_pipeline_vsh/src/template/kneaddata/output/reordered_x0ceut3s_reformatted_identifierswpepc_ta_decompressed_xu62t4cu_sample2_R1
06/10/2024 10:11:32 AM - kneaddata.utilities - DEBUG: Checking input file to Trimmomatic : /viash_automount/home/marta_fogt/custom_pipeline/OSC_pipeline_vsh/src/template/kneaddata/output/reordered_iitirmtw_reformatted_identifiersyoxbfvkg_decompressed_za8brojw_sample2_R2
06/10/2024 10:11:32 AM - kneaddata.utilities - INFO: Running Trimmomatic ... 
06/10/2024 10:11:32 AM - kneaddata.utilities - INFO: Execute command: java -Xmx48g -jar /opt/trimmomatic/Trimmomatic-0.39/trimmomatic-0.39.jar PE -threads 18 -phred33 /viash_automount/home/marta_fogt/custom_pipeline/OSC_pipeline_vsh/src/template/kneaddata/output/reordered_x0ceut3s_reformatted_identifierswpepc_ta_decompressed_xu62t4cu_sample2_R1 /viash_automount/home/marta_fogt/custom_pipeline/OSC_pipeline_vsh/src/template/kneaddata/output/reordered_iitirmtw_reformatted_identifiersyoxbfvkg_decompressed_za8brojw_sample2_R2 /viash_automount/home/marta_fogt/custom_pipeline/OSC_pipeline_vsh/src/template/kneaddata/output/sample2_R1_kneaddata.trimmed.1.fastq /viash_automount/home/marta_fogt/custom_pipeline/OSC_pipeline_vsh/src/template/kneaddata/output/sample2_R1_kneaddata.trimmed.single.1.fastq /viash_automount/home/marta_fogt/custom_pipeline/OSC_pipeline_vsh/src/template/kneaddata/output/sample2_R1_kneaddata.trimmed.2.fastq /viash_automount/home/marta_fogt/custom_pipeline/OSC_pipeline_vsh/src/template/kneaddata/output/sample2_R1_kneaddata.trimmed.single.2.fastq SLIDINGWINDOW:4:20 MINLEN:75
06/10/2024 10:11:32 AM - kneaddata.utilities - DEBUG: b'TrimmomaticPE: Started with arguments:\n -threads 18 -phred33 /viash_automount/home/marta_fogt/custom_pipeline/OSC_pipeline_vsh/src/template/kneaddata/output/reordered_x0ceut3s_reformatted_identifierswpepc_ta_decompressed_xu62t4cu_sample2_R1 /viash_automount/home/marta_fogt/custom_pipeline/OSC_pipeline_vsh/src/template/kneaddata/output/reordered_iitirmtw_reformatted_identifiersyoxbfvkg_decompressed_za8brojw_sample2_R2 /viash_automount/home/marta_fogt/custom_pipeline/OSC_pipeline_vsh/src/template/kneaddata/output/sample2_R1_kneaddata.trimmed.1.fastq /viash_automount/home/marta_fogt/custom_pipeline/OSC_pipeline_vsh/src/template/kneaddata/output/sample2_R1_kneaddata.trimmed.single.1.fastq /viash_automount/home/marta_fogt/custom_pipeline/OSC_pipeline_vsh/src/template/kneaddata/output/sample2_R1_kneaddata.trimmed.2.fastq /viash_automount/home/marta_fogt/custom_pipeline/OSC_pipeline_vsh/src/template/kneaddata/output/sample2_R1_kneaddata.trimmed.single.2.fastq SLIDINGWINDOW:4:20 MINLEN:75\nInput Read Pairs: 200 Both Surviving: 188 (94.00%) Forward Only Surviving: 6 (3.00%) Reverse Only Surviving: 3 (1.50%) Dropped: 3 (1.50%)\nTrimmomaticPE: Completed successfully\n'
06/10/2024 10:11:32 AM - kneaddata.utilities - DEBUG: Checking output file from Trimmomatic : /viash_automount/home/marta_fogt/custom_pipeline/OSC_pipeline_vsh/src/template/kneaddata/output/sample2_R1_kneaddata.trimmed.1.fastq
06/10/2024 10:11:32 AM - kneaddata.utilities - DEBUG: Checking output file from Trimmomatic : /viash_automount/home/marta_fogt/custom_pipeline/OSC_pipeline_vsh/src/template/kneaddata/output/sample2_R1_kneaddata.trimmed.single.1.fastq
06/10/2024 10:11:32 AM - kneaddata.utilities - DEBUG: Checking output file from Trimmomatic : /viash_automount/home/marta_fogt/custom_pipeline/OSC_pipeline_vsh/src/template/kneaddata/output/sample2_R1_kneaddata.trimmed.2.fastq
06/10/2024 10:11:32 AM - kneaddata.utilities - DEBUG: Checking output file from Trimmomatic : /viash_automount/home/marta_fogt/custom_pipeline/OSC_pipeline_vsh/src/template/kneaddata/output/sample2_R1_kneaddata.trimmed.single.2.fastq
06/10/2024 10:11:32 AM - kneaddata.utilities - INFO: READ COUNT: trimmed pair1 : Total reads after trimming ( /viash_automount/home/marta_fogt/custom_pipeline/OSC_pipeline_vsh/src/template/kneaddata/output/sample2_R1_kneaddata.trimmed.1.fastq ): 188.0
06/10/2024 10:11:32 AM - kneaddata.utilities - INFO: READ COUNT: trimmed pair2 : Total reads after trimming ( /viash_automount/home/marta_fogt/custom_pipeline/OSC_pipeline_vsh/src/template/kneaddata/output/sample2_R1_kneaddata.trimmed.2.fastq ): 188.0
06/10/2024 10:11:32 AM - kneaddata.utilities - INFO: READ COUNT: trimmed orphan1 : Total reads after trimming ( /viash_automount/home/marta_fogt/custom_pipeline/OSC_pipeline_vsh/src/template/kneaddata/output/sample2_R1_kneaddata.trimmed.single.1.fastq ): 6.0
06/10/2024 10:11:32 AM - kneaddata.utilities - INFO: READ COUNT: trimmed orphan2 : Total reads after trimming ( /viash_automount/home/marta_fogt/custom_pipeline/OSC_pipeline_vsh/src/template/kneaddata/output/sample2_R1_kneaddata.trimmed.single.2.fastq ): 3.0
06/10/2024 10:11:32 AM - kneaddata.run - INFO: Decontaminating ...
06/10/2024 10:11:32 AM - kneaddata.utilities - DEBUG: Checking input file to bowtie2 : /viash_automount/home/marta_fogt/custom_pipeline/OSC_pipeline_vsh/src/template/kneaddata/output/sample2_R1_kneaddata.trimmed.1.fastq
06/10/2024 10:11:32 AM - kneaddata.utilities - DEBUG: Checking input file to bowtie2 : /viash_automount/home/marta_fogt/custom_pipeline/OSC_pipeline_vsh/src/template/kneaddata/output/sample2_R1_kneaddata.trimmed.2.fastq
06/10/2024 10:11:32 AM - kneaddata.utilities - DEBUG: Checking input file to bowtie2 : /viash_automount/home/marta_fogt/custom_pipeline/OSC_pipeline_vsh/src/template/kneaddata/output/sample2_R1_kneaddata.trimmed.single.1.fastq
06/10/2024 10:11:32 AM - kneaddata.utilities - DEBUG: Checking input file to bowtie2 : /viash_automount/home/marta_fogt/custom_pipeline/OSC_pipeline_vsh/src/template/kneaddata/output/sample2_R1_kneaddata.trimmed.single.2.fastq
06/10/2024 10:11:32 AM - kneaddata.utilities - INFO: Running bowtie2 ... 
06/10/2024 10:11:32 AM - kneaddata.utilities - INFO: Execute command: kneaddata_bowtie2_discordant_pairs --bowtie2 /usr/bin/bowtie2 --threads 18 -x /viash_automount/home/marta_fogt/mnt/microbiome/references/if_pan_references/kneaddata_mouse/mouse/mouse_C57BL_6NJ --mode strict --bowtie2-options "--very-sensitive-local --phred33" -1 /viash_automount/home/marta_fogt/custom_pipeline/OSC_pipeline_vsh/src/template/kneaddata/output/sample2_R1_kneaddata.trimmed.1.fastq -2 /viash_automount/home/marta_fogt/custom_pipeline/OSC_pipeline_vsh/src/template/kneaddata/output/sample2_R1_kneaddata.trimmed.2.fastq --un-pair /viash_automount/home/marta_fogt/custom_pipeline/OSC_pipeline_vsh/src/template/kneaddata/output/sample2_R1_kneaddata_mouse_C57BL_6NJ_bowtie2_paired_clean_%.fastq --al-pair /viash_automount/home/marta_fogt/custom_pipeline/OSC_pipeline_vsh/src/template/kneaddata/output/sample2_R1_kneaddata_mouse_C57BL_6NJ_bowtie2_paired_contam_%.fastq -U /viash_automount/home/marta_fogt/custom_pipeline/OSC_pipeline_vsh/src/template/kneaddata/output/sample2_R1_kneaddata.trimmed.single.1.fastq,/viash_automount/home/marta_fogt/custom_pipeline/OSC_pipeline_vsh/src/template/kneaddata/output/sample2_R1_kneaddata.trimmed.single.2.fastq --un-single /viash_automount/home/marta_fogt/custom_pipeline/OSC_pipeline_vsh/src/template/kneaddata/output/sample2_R1_kneaddata_mouse_C57BL_6NJ_bowtie2_unmatched_%_clean.fastq --al-single /viash_automount/home/marta_fogt/custom_pipeline/OSC_pipeline_vsh/src/template/kneaddata/output/sample2_R1_kneaddata_mouse_C57BL_6NJ_bowtie2_unmatched_%_contam.fastq -S /dev/null
06/10/2024 10:34:19 AM - kneaddata.utilities - DEBUG: b'385 reads; of these:\n  385 (100.00%) were unpaired; of these:\n    376 (97.66%) aligned 0 times\n    7 (1.82%) aligned exactly 1 time\n    2 (0.52%) aligned >1 times\n2.34% overall alignment rate\npair1_aligned : 0\npair2_aligned : 0\npair1_unaligned : 0\npair2_unaligned : 0\norphan1_aligned : 4\norphan2_aligned : 5\norphan1_unaligned : 190\norphan2_unaligned : 186\n'
06/10/2024 10:34:19 AM - kneaddata.utilities - DEBUG: Checking output file from bowtie2 : /viash_automount/home/marta_fogt/custom_pipeline/OSC_pipeline_vsh/src/template/kneaddata/output/sample2_R1_kneaddata_mouse_C57BL_6NJ_bowtie2_paired_clean_1.fastq
06/10/2024 10:34:19 AM - kneaddata.utilities - DEBUG: Checking output file from bowtie2 : /viash_automount/home/marta_fogt/custom_pipeline/OSC_pipeline_vsh/src/template/kneaddata/output/sample2_R1_kneaddata_mouse_C57BL_6NJ_bowtie2_paired_clean_2.fastq
06/10/2024 10:34:19 AM - kneaddata.run - INFO: Total contaminate sequences in file ( /viash_automount/home/marta_fogt/custom_pipeline/OSC_pipeline_vsh/src/template/kneaddata/output/sample2_R1_kneaddata_mouse_C57BL_6NJ_bowtie2_paired_contam_1.fastq ) : 0.0
06/10/2024 10:34:19 AM - kneaddata.run - INFO: Total contaminate sequences in file ( /viash_automount/home/marta_fogt/custom_pipeline/OSC_pipeline_vsh/src/template/kneaddata/output/sample2_R1_kneaddata_mouse_C57BL_6NJ_bowtie2_paired_contam_2.fastq ) : 0.0
06/10/2024 10:34:19 AM - kneaddata.run - INFO: Total contaminate sequences in file ( /viash_automount/home/marta_fogt/custom_pipeline/OSC_pipeline_vsh/src/template/kneaddata/output/sample2_R1_kneaddata_mouse_C57BL_6NJ_bowtie2_unmatched_1_contam.fastq ) : 4.0
06/10/2024 10:34:19 AM - kneaddata.run - INFO: Total contaminate sequences in file ( /viash_automount/home/marta_fogt/custom_pipeline/OSC_pipeline_vsh/src/template/kneaddata/output/sample2_R1_kneaddata_mouse_C57BL_6NJ_bowtie2_unmatched_2_contam.fastq ) : 5.0
06/10/2024 10:34:19 AM - kneaddata.utilities - INFO: READ COUNT: decontaminated mouse_C57BL_6NJ pair1 : Total reads after removing those found in reference database ( /viash_automount/home/marta_fogt/custom_pipeline/OSC_pipeline_vsh/src/template/kneaddata/output/sample2_R1_kneaddata_mouse_C57BL_6NJ_bowtie2_paired_clean_1.fastq ): 0.0
06/10/2024 10:34:19 AM - kneaddata.utilities - INFO: READ COUNT: decontaminated mouse_C57BL_6NJ pair2 : Total reads after removing those found in reference database ( /viash_automount/home/marta_fogt/custom_pipeline/OSC_pipeline_vsh/src/template/kneaddata/output/sample2_R1_kneaddata_mouse_C57BL_6NJ_bowtie2_paired_clean_2.fastq ): 0.0
06/10/2024 10:34:19 AM - kneaddata.utilities - INFO: READ COUNT: final pair1 : Total reads after merging results from multiple databases ( /viash_automount/home/marta_fogt/custom_pipeline/OSC_pipeline_vsh/src/template/kneaddata/output/sample2_R1_kneaddata_paired_1.fastq ): 0.0
06/10/2024 10:34:19 AM - kneaddata.utilities - INFO: READ COUNT: final pair2 : Total reads after merging results from multiple databases ( /viash_automount/home/marta_fogt/custom_pipeline/OSC_pipeline_vsh/src/template/kneaddata/output/sample2_R1_kneaddata_paired_2.fastq ): 0.0
06/10/2024 10:34:19 AM - kneaddata.utilities - WARNING: Unable to remove file: /viash_automount/home/marta_fogt/custom_pipeline/OSC_pipeline_vsh/src/template/kneaddata/output/sample2_R1_kneaddata_mouse_C57BL_6NJ_bowtie2_paired_clean_1.fastq
06/10/2024 10:34:19 AM - kneaddata.utilities - WARNING: Unable to remove file: /viash_automount/home/marta_fogt/custom_pipeline/OSC_pipeline_vsh/src/template/kneaddata/output/sample2_R1_kneaddata_mouse_C57BL_6NJ_bowtie2_paired_clean_2.fastq
06/10/2024 10:34:19 AM - kneaddata.utilities - INFO: READ COUNT: decontaminated mouse_C57BL_6NJ orphan1 : Total reads after removing those found in reference database ( /viash_automount/home/marta_fogt/custom_pipeline/OSC_pipeline_vsh/src/template/kneaddata/output/sample2_R1_kneaddata_mouse_C57BL_6NJ_bowtie2_unmatched_1_clean.fastq ): 190.0
06/10/2024 10:34:19 AM - kneaddata.utilities - INFO: READ COUNT: final orphan1 : Total reads after merging results from multiple databases ( /viash_automount/home/marta_fogt/custom_pipeline/OSC_pipeline_vsh/src/template/kneaddata/output/sample2_R1_kneaddata_unmatched_1.fastq ): 190.0
06/10/2024 10:34:19 AM - kneaddata.utilities - WARNING: Unable to remove file: /viash_automount/home/marta_fogt/custom_pipeline/OSC_pipeline_vsh/src/template/kneaddata/output/sample2_R1_kneaddata_mouse_C57BL_6NJ_bowtie2_unmatched_1_clean.fastq
06/10/2024 10:34:19 AM - kneaddata.utilities - INFO: READ COUNT: decontaminated mouse_C57BL_6NJ orphan2 : Total reads after removing those found in reference database ( /viash_automount/home/marta_fogt/custom_pipeline/OSC_pipeline_vsh/src/template/kneaddata/output/sample2_R1_kneaddata_mouse_C57BL_6NJ_bowtie2_unmatched_2_clean.fastq ): 186.0
06/10/2024 10:34:19 AM - kneaddata.utilities - INFO: READ COUNT: final orphan2 : Total reads after merging results from multiple databases ( /viash_automount/home/marta_fogt/custom_pipeline/OSC_pipeline_vsh/src/template/kneaddata/output/sample2_R1_kneaddata_unmatched_2.fastq ): 186.0
06/10/2024 10:34:19 AM - kneaddata.utilities - WARNING: Unable to remove file: /viash_automount/home/marta_fogt/custom_pipeline/OSC_pipeline_vsh/src/template/kneaddata/output/sample2_R1_kneaddata_mouse_C57BL_6NJ_bowtie2_unmatched_2_clean.fastq
06/10/2024 10:34:19 AM - kneaddata.knead_data - INFO: 
Final output files created: 
/viash_automount/home/marta_fogt/custom_pipeline/OSC_pipeline_vsh/src/template/kneaddata/output/sample2_R1_kneaddata_paired_1.fastq
/viash_automount/home/marta_fogt/custom_pipeline/OSC_pipeline_vsh/src/template/kneaddata/output/sample2_R1_kneaddata_paired_2.fastq
/viash_automount/home/marta_fogt/custom_pipeline/OSC_pipeline_vsh/src/template/kneaddata/output/sample2_R1_kneaddata_unmatched_1.fastq
/viash_automount/home/marta_fogt/custom_pipeline/OSC_pipeline_vsh/src/template/kneaddata/output/sample2_R1_kneaddata_unmatched_2.fastq
/viash_automount/home/marta_fogt/custom_pipeline/OSC_pipeline_vsh/src/template/kneaddata/output/sample2_R1_kneaddata.fastq

